Flow report for NgControlCpld
Sat Jul 04 13:28:16 2009
Quartus II Version 9.0 Build 184 04/29/2009 Service Pack 1 SJ Web Edition


---------------------
; Table of Contents ;
---------------------
  1. Legal Notice
  2. Flow Summary
  3. Flow Settings
  4. Flow Non-Default Global Settings
  5. Flow Elapsed Time
  6. Flow OS Summary
  7. Flow Log



----------------
; Legal Notice ;
----------------
Copyright (C) 1991-2009 Altera Corporation
Your use of Altera Corporation's design tools, logic functions 
and other software and tools, and its AMPP partner logic 
functions, and any output files from any of the foregoing 
(including device programming or simulation files), and any 
associated documentation or information are expressly subject 
to the terms and conditions of the Altera Program License 
Subscription Agreement, Altera MegaCore Function License 
Agreement, or other applicable license agreement, including, 
without limitation, that your use is for the sole purpose of 
programming logic devices manufactured by Altera and sold by 
Altera or its authorized distributors.  Please refer to the 
applicable agreement for further details.



+------------------------------------------------------------------------+
; Flow Summary                                                           ;
+-------------------------+----------------------------------------------+
; Flow Status             ; Successful - Sat Jul 04 13:28:16 2009        ;
; Quartus II Version      ; 9.0 Build 184 04/29/2009 SP 1 SJ Web Edition ;
; Revision Name           ; NgControlCpld                                ;
; Top-level Entity Name   ; NgControlCpld                                ;
; Family                  ; MAX II                                       ;
; Device                  ; EPM570T100C4                                 ;
; Timing Models           ; Final                                        ;
; Met timing requirements ; Yes                                          ;
; Total logic elements    ; 181 / 570 ( 32 % )                           ;
; Total pins              ; 23 / 76 ( 30 % )                             ;
; Total virtual pins      ; 0                                            ;
; UFM blocks              ; 0 / 1 ( 0 % )                                ;
+-------------------------+----------------------------------------------+


+-----------------------------------------+
; Flow Settings                           ;
+-------------------+---------------------+
; Option            ; Setting             ;
+-------------------+---------------------+
; Start date & time ; 07/04/2009 13:27:32 ;
; Main task         ; Compilation         ;
; Revision Name     ; NgControlCpld       ;
+-------------------+---------------------+


+-------------------------------------------------------------------------------------------------------------------------------------------+
; Flow Non-Default Global Settings                                                                                                          ;
+-----------------------+------------------------------------------------------------------------+---------------+-------------+------------+
; Assignment Name       ; Value                                                                  ; Default Value ; Entity Name ; Section Id ;
+-----------------------+------------------------------------------------------------------------+---------------+-------------+------------+
; COMPILER_SIGNATURE_ID ; 52243870609.124667805102128                                            ; --            ; --          ; --         ;
; FITTER_EFFORT         ; Standard Fit                                                           ; Auto Fit      ; --          ; --         ;
; MISC_FILE             ; C:/Documents and Settings/Dave/Desktop/NgControlCpld/NgControlCpld.dpf ; --            ; --          ; --         ;
; MISC_FILE             ; C:/Documents and Settings/Dave/carsoft/mpptng/cpld/NgControlCpld.dpf   ; --            ; --          ; --         ;
; POWER_INPUT_SAF_NAME  ; NgControlCpld.saf                                                      ; --            ; --          ; --         ;
; POWER_USE_INPUT_FILE  ; Signal Activity File                                                   ; No File       ; --          ; --         ;
+-----------------------+------------------------------------------------------------------------+---------------+-------------+------------+


+-----------------------------------------------------------------------------------------------------------------------------+
; Flow Elapsed Time                                                                                                           ;
+-------------------------+--------------+-------------------------+---------------------+------------------------------------+
; Module Name             ; Elapsed Time ; Average Processors Used ; Peak Virtual Memory ; Total CPU Time (on all processors) ;
+-------------------------+--------------+-------------------------+---------------------+------------------------------------+
; Analysis & Synthesis    ; 00:00:22     ; 1.0                     ; 172 MB              ; 00:00:09                           ;
; Fitter                  ; 00:00:09     ; 1.0                     ; 161 MB              ; 00:00:04                           ;
; Assembler               ; 00:00:02     ; 1.0                     ; 143 MB              ; 00:00:01                           ;
; Classic Timing Analyzer ; 00:00:01     ; 1.0                     ; 118 MB              ; 00:00:01                           ;
; Total                   ; 00:00:34     ; --                      ; --                  ; 00:00:15                           ;
+-------------------------+--------------+-------------------------+---------------------+------------------------------------+


+---------------------------------------------------------------------------------------+
; Flow OS Summary                                                                       ;
+-------------------------+------------------+------------+------------+----------------+
; Module Name             ; Machine Hostname ; OS Name    ; OS Version ; Processor type ;
+-------------------------+------------------+------------+------------+----------------+
; Analysis & Synthesis    ; daves            ; Windows XP ; 5.1        ; i686           ;
; Fitter                  ; daves            ; Windows XP ; 5.1        ; i686           ;
; Assembler               ; daves            ; Windows XP ; 5.1        ; i686           ;
; Classic Timing Analyzer ; daves            ; Windows XP ; 5.1        ; i686           ;
+-------------------------+------------------+------------+------------+----------------+


------------
; Flow Log ;
------------
quartus_map --read_settings_files=on --write_settings_files=off NgControlCpld -c NgControlCpld
quartus_fit --read_settings_files=off --write_settings_files=off NgControlCpld -c NgControlCpld
quartus_asm --read_settings_files=off --write_settings_files=off NgControlCpld -c NgControlCpld
quartus_tan --read_settings_files=off --write_settings_files=off NgControlCpld -c NgControlCpld



